# JRE version: Java(TM) SE Runtime Environment (8.0_77-b03) (build 1.8.0_77-b03)
# Java VM: Java HotSpot(TM) 64-Bit Server VM (25.77-b03 mixed mode linux-amd64 compressed oops)
Heap:
 PSYoungGen      total 1196032K, used 124864K [0x000000076ab00000, 0x00000007c0000000, 0x00000007c0000000)
  eden space 1034240K, 0% used [0x000000076ab00000,0x000000076ab00000,0x00000007a9d00000)
  from space 161792K, 77% used [0x00000007b6200000,0x00000007bdbf0158,0x00000007c0000000)
  to   space 181760K, 0% used [0x00000007a9d00000,0x00000007a9d00000,0x00000007b4e80000)
 ParOldGen       total 590848K, used 590679K [0x00000006c0000000, 0x00000006e4100000, 0x000000076ab00000)
  object space 590848K, 99% used [0x00000006c0000000,0x00000006e40d5e28,0x00000006e4100000)
 Metaspace       used 6630K, capacity 7320K, committed 7680K, reserved 1056768K
  class space    used 618K, capacity 656K, committed 768K, reserved 1048576K
GC Heap History (10 events):
Event: 45.082 GC heap after
Heap after GC invocations=18 (full 4):
 PSYoungGen      total 748544K, used 99835K [0x000000076ab00000, 0x00000007b4700000, 0x00000007c0000000)
  eden space 648704K, 0% used [0x000000076ab00000,0x000000076ab00000,0x0000000792480000)
  from space 99840K, 99% used [0x0000000792480000,0x00000007985fecd8,0x0000000798600000)
  to   space 142336K, 0% used [0x00000007abc00000,0x00000007abc00000,0x00000007b4700000)
 ParOldGen       total 432640K, used 375881K [0x00000006c0000000, 0x00000006da680000, 0x000000076ab00000)
  object space 432640K, 86% used [0x00000006c0000000,0x00000006d6f12680,0x00000006da680000)
 Metaspace       used 6627K, capacity 7320K, committed 7680K, reserved 1056768K
  class space    used 618K, capacity 656K, committed 768K, reserved 1048576K
}
Event: 45.082 GC heap before
{Heap before GC invocations=19 (full 5):
 PSYoungGen      total 748544K, used 99835K [0x000000076ab00000, 0x00000007b4700000, 0x00000007c0000000)
  eden space 648704K, 0% used [0x000000076ab00000,0x000000076ab00000,0x0000000792480000)
  from space 99840K, 99% used [0x0000000792480000,0x00000007985fecd8,0x0000000798600000)
  to   space 142336K, 0% used [0x00000007abc00000,0x00000007abc00000,0x00000007b4700000)
 ParOldGen       total 432640K, used 375881K [0x00000006c0000000, 0x00000006da680000, 0x000000076ab00000)
  object space 432640K, 86% used [0x00000006c0000000,0x00000006d6f12680,0x00000006da680000)
 Metaspace       used 6627K, capacity 7320K, committed 7680K, reserved 1056768K
  class space    used 618K, capacity 656K, committed 768K, reserved 1048576K
Event: 47.966 GC heap after
Heap after GC invocations=19 (full 5):
 PSYoungGen      total 748544K, used 41873K [0x000000076ab00000, 0x00000007b4700000, 0x00000007c0000000)
  eden space 648704K, 0% used [0x000000076ab00000,0x000000076ab00000,0x0000000792480000)
  from space 99840K, 41% used [0x0000000792480000,0x0000000794d647b0,0x0000000798600000)
  to   space 142336K, 0% used [0x00000007abc00000,0x00000007abc00000,0x00000007b4700000)
 ParOldGen       total 581632K, used 432555K [0x00000006c0000000, 0x00000006e3800000, 0x000000076ab00000)
  object space 581632K, 74% used [0x00000006c0000000,0x00000006da66ac98,0x00000006e3800000)
 Metaspace       used 6627K, capacity 7320K, committed 7680K, reserved 1056768K
  class space    used 618K, capacity 656K, committed 768K, reserved 1048576K
}
Event: 50.350 GC heap before
{Heap before GC invocations=20 (full 5):
 PSYoungGen      total 748544K, used 690577K [0x000000076ab00000, 0x00000007b4700000, 0x00000007c0000000)
  eden space 648704K, 100% used [0x000000076ab00000,0x0000000792480000,0x0000000792480000)
  from space 99840K, 41% used [0x0000000792480000,0x0000000794d647b0,0x0000000798600000)
  to   space 142336K, 0% used [0x00000007abc00000,0x00000007abc00000,0x00000007b4700000)
 ParOldGen       total 581632K, used 432555K [0x00000006c0000000, 0x00000006e3800000, 0x000000076ab00000)
  object space 581632K, 74% used [0x00000006c0000000,0x00000006da66ac98,0x00000006e3800000)
 Metaspace       used 6627K, capacity 7320K, committed 7680K, reserved 1056768K
  class space    used 618K, capacity 656K, committed 768K, reserved 1048576K
Event: 55.340 GC heap after
Heap after GC invocations=20 (full 5):
 PSYoungGen      total 1048576K, used 121496K [0x000000076ab00000, 0x00000007b6600000, 0x00000007c0000000)
  eden space 906240K, 0% used [0x000000076ab00000,0x000000076ab00000,0x00000007a2000000)
  from space 142336K, 85% used [0x00000007abc00000,0x00000007b32a6098,0x00000007b4700000)
  to   space 159744K, 0% used [0x00000007a2000000,0x00000007a2000000,0x00000007abc00000)
 ParOldGen       total 581632K, used 465777K [0x00000006c0000000, 0x00000006e3800000, 0x000000076ab00000)
  object space 581632K, 80% used [0x00000006c0000000,0x00000006dc6dc4a8,0x00000006e3800000)
 Metaspace       used 6627K, capacity 7320K, committed 7680K, reserved 1056768K
  class space    used 618K, capacity 656K, committed 768K, reserved 1048576K
}
Event: 59.641 GC heap before
{Heap before GC invocations=21 (full 5):
 PSYoungGen      total 1048576K, used 1027736K [0x000000076ab00000, 0x00000007b6600000, 0x00000007c0000000)
  eden space 906240K, 100% used [0x000000076ab00000,0x00000007a2000000,0x00000007a2000000)
  from space 142336K, 85% used [0x00000007abc00000,0x00000007b32a6098,0x00000007b4700000)
  to   space 159744K, 0% used [0x00000007a2000000,0x00000007a2000000,0x00000007abc00000)
 ParOldGen       total 581632K, used 465777K [0x00000006c0000000, 0x00000006e3800000, 0x000000076ab00000)
  object space 581632K, 80% used [0x00000006c0000000,0x00000006dc6dc4a8,0x00000006e3800000)
 Metaspace       used 6629K, capacity 7320K, committed 7680K, reserved 1056768K
  class space    used 618K, capacity 656K, committed 768K, reserved 1048576K
Event: 63.573 GC heap after
Heap after GC invocations=21 (full 5):
 PSYoungGen      total 1065984K, used 88858K [0x000000076ab00000, 0x00000007c0000000, 0x00000007c0000000)
  eden space 906240K, 0% used [0x000000076ab00000,0x000000076ab00000,0x00000007a2000000)
  from space 159744K, 55% used [0x00000007a2000000,0x00000007a76c6ab8,0x00000007abc00000)
  to   space 161792K, 0% used [0x00000007b6200000,0x00000007b6200000,0x00000007c0000000)
 ParOldGen       total 581632K, used 503660K [0x00000006c0000000, 0x00000006e3800000, 0x000000076ab00000)
  object space 581632K, 86% used [0x00000006c0000000,0x00000006debdb130,0x00000006e3800000)
 Metaspace       used 6629K, capacity 7320K, committed 7680K, reserved 1056768K
  class space    used 618K, capacity 656K, committed 768K, reserved 1048576K
}
Event: 86.431 GC heap before
{Heap before GC invocations=22 (full 5):
 PSYoungGen      total 1065984K, used 995098K [0x000000076ab00000, 0x00000007c0000000, 0x00000007c0000000)
  eden space 906240K, 100% used [0x000000076ab00000,0x00000007a2000000,0x00000007a2000000)
  from space 159744K, 55% used [0x00000007a2000000,0x00000007a76c6ab8,0x00000007abc00000)
  to   space 161792K, 0% used [0x00000007b6200000,0x00000007b6200000,0x00000007c0000000)
 ParOldGen       total 581632K, used 503660K [0x00000006c0000000, 0x00000006e3800000, 0x000000076ab00000)
  object space 581632K, 86% used [0x00000006c0000000,0x00000006debdb130,0x00000006e3800000)
 Metaspace       used 6630K, capacity 7320K, committed 7680K, reserved 1056768K
  class space    used 618K, capacity 656K, committed 768K, reserved 1048576K
Event: 104.568 GC heap after
Heap after GC invocations=22 (full 5):
 PSYoungGen      total 1196032K, used 140996K [0x000000076ab00000, 0x00000007c0000000, 0x00000007c0000000)
  eden space 1034240K, 0% used [0x000000076ab00000,0x000000076ab00000,0x00000007a9d00000)
  from space 161792K, 87% used [0x00000007b6200000,0x00000007bebb1068,0x00000007c0000000)
  to   space 181760K, 0% used [0x00000007a9d00000,0x00000007a9d00000,0x00000007b4e80000)
 ParOldGen       total 590848K, used 590560K [0x00000006c0000000, 0x00000006e4100000, 0x000000076ab00000)
  object space 590848K, 99% used [0x00000006c0000000,0x00000006e40b82f8,0x00000006e4100000)
 Metaspace       used 6630K, capacity 7320K, committed 7680K, reserved 1056768K
  class space    used 618K, capacity 656K, committed 768K, reserved 1048576K
}
Event: 105.811 GC heap before
{Heap before GC invocations=23 (full 6):
 PSYoungGen      total 1196032K, used 140996K [0x000000076ab00000, 0x00000007c0000000, 0x00000007c0000000)
  eden space 1034240K, 0% used [0x000000076ab00000,0x000000076ab00000,0x00000007a9d00000)
  from space 161792K, 87% used [0x00000007b6200000,0x00000007bebb1068,0x00000007c0000000)
  to   space 181760K, 0% used [0x00000007a9d00000,0x00000007a9d00000,0x00000007b4e80000)
 ParOldGen       total 590848K, used 590560K [0x00000006c0000000, 0x00000006e4100000, 0x000000076ab00000)
  object space 590848K, 99% used [0x00000006c0000000,0x00000006e40b82f8,0x00000006e4100000)
 Metaspace       used 6630K, capacity 7320K, committed 7680K, reserved 1056768K
  class space    used 618K, capacity 656K, committed 768K, reserved 1048576K

