# JRE version: Java(TM) SE Runtime Environment (8.0_77-b03) (build 1.8.0_77-b03)
# Java VM: Java HotSpot(TM) 64-Bit Server VM (25.77-b03 mixed mode linux-amd64 compressed oops)
Heap:
 PSYoungGen      total 1160192K, used 0K [0x000000076ab00000, 0x00000007c0000000, 0x00000007c0000000)
  eden space 1000960K, 0% used [0x000000076ab00000,0x000000076ab00000,0x00000007a7c80000)
  from space 159232K, 0% used [0x00000007a7c80000,0x00000007a7c80000,0x00000007b1800000)
  to   space 216576K, 0% used [0x00000007b2c80000,0x00000007b2c80000,0x00000007c0000000)
 ParOldGen       total 758272K, used 718563K [0x00000006c0000000, 0x00000006ee480000, 0x000000076ab00000)
  object space 758272K, 94% used [0x00000006c0000000,0x00000006ebdb8dc0,0x00000006ee480000)
 Metaspace       used 6633K, capacity 7320K, committed 7680K, reserved 1056768K
  class space    used 618K, capacity 656K, committed 768K, reserved 1048576K
GC Heap History (10 events):
Event: 33.267 GC heap after
Heap after GC invocations=18 (full 4):
 PSYoungGen      total 878592K, used 93840K [0x000000076ab00000, 0x00000007ac980000, 0x00000007c0000000)
  eden space 745984K, 0% used [0x000000076ab00000,0x000000076ab00000,0x0000000798380000)
  from space 132608K, 70% used [0x00000007a0f00000,0x00000007a6aa43c8,0x00000007a9080000)
  to   space 142848K, 0% used [0x0000000798380000,0x0000000798380000,0x00000007a0f00000)
 ParOldGen       total 548352K, used 367096K [0x00000006c0000000, 0x00000006e1780000, 0x000000076ab00000)
  object space 548352K, 66% used [0x00000006c0000000,0x00000006d667e2e8,0x00000006e1780000)
 Metaspace       used 6629K, capacity 7320K, committed 7680K, reserved 1056768K
  class space    used 618K, capacity 656K, committed 768K, reserved 1048576K
}
Event: 37.895 GC heap before
{Heap before GC invocations=19 (full 4):
 PSYoungGen      total 878592K, used 839824K [0x000000076ab00000, 0x00000007ac980000, 0x00000007c0000000)
  eden space 745984K, 100% used [0x000000076ab00000,0x0000000798380000,0x0000000798380000)
  from space 132608K, 70% used [0x00000007a0f00000,0x00000007a6aa43c8,0x00000007a9080000)
  to   space 142848K, 0% used [0x0000000798380000,0x0000000798380000,0x00000007a0f00000)
 ParOldGen       total 548352K, used 367096K [0x00000006c0000000, 0x00000006e1780000, 0x000000076ab00000)
  object space 548352K, 66% used [0x00000006c0000000,0x00000006d667e2e8,0x00000006e1780000)
 Metaspace       used 6631K, capacity 7320K, committed 7680K, reserved 1056768K
  class space    used 618K, capacity 656K, committed 768K, reserved 1048576K
Event: 51.670 GC heap after
Heap after GC invocations=19 (full 4):
 PSYoungGen      total 888832K, used 142839K [0x000000076ab00000, 0x00000007c0000000, 0x00000007c0000000)
  eden space 745984K, 0% used [0x000000076ab00000,0x000000076ab00000,0x0000000798380000)
  from space 142848K, 99% used [0x0000000798380000,0x00000007a0efddb0,0x00000007a0f00000)
  to   space 199680K, 0% used [0x00000007b3d00000,0x00000007b3d00000,0x00000007c0000000)
 ParOldGen       total 548352K, used 453669K [0x00000006c0000000, 0x00000006e1780000, 0x000000076ab00000)
  object space 548352K, 82% used [0x00000006c0000000,0x00000006dbb09490,0x00000006e1780000)
 Metaspace       used 6631K, capacity 7320K, committed 7680K, reserved 1056768K
  class space    used 618K, capacity 656K, committed 768K, reserved 1048576K
}
Event: 51.670 GC heap before
{Heap before GC invocations=20 (full 5):
 PSYoungGen      total 888832K, used 142839K [0x000000076ab00000, 0x00000007c0000000, 0x00000007c0000000)
  eden space 745984K, 0% used [0x000000076ab00000,0x000000076ab00000,0x0000000798380000)
  from space 142848K, 99% used [0x0000000798380000,0x00000007a0efddb0,0x00000007a0f00000)
  to   space 199680K, 0% used [0x00000007b3d00000,0x00000007b3d00000,0x00000007c0000000)
 ParOldGen       total 548352K, used 453669K [0x00000006c0000000, 0x00000006e1780000, 0x000000076ab00000)
  object space 548352K, 82% used [0x00000006c0000000,0x00000006dbb09490,0x00000006e1780000)
 Metaspace       used 6631K, capacity 7320K, committed 7680K, reserved 1056768K
  class space    used 618K, capacity 656K, committed 768K, reserved 1048576K
Event: 55.646 GC heap after
Heap after GC invocations=20 (full 5):
 PSYoungGen      total 888832K, used 46300K [0x000000076ab00000, 0x00000007c0000000, 0x00000007c0000000)
  eden space 745984K, 0% used [0x000000076ab00000,0x000000076ab00000,0x0000000798380000)
  from space 142848K, 32% used [0x0000000798380000,0x000000079b0b73e8,0x00000007a0f00000)
  to   space 199680K, 0% used [0x00000007b3d00000,0x00000007b3d00000,0x00000007c0000000)
 ParOldGen       total 758272K, used 548256K [0x00000006c0000000, 0x00000006ee480000, 0x000000076ab00000)
  object space 758272K, 72% used [0x00000006c0000000,0x00000006e1768360,0x00000006ee480000)
 Metaspace       used 6631K, capacity 7320K, committed 7680K, reserved 1056768K
  class space    used 618K, capacity 656K, committed 768K, reserved 1048576K
}
Event: 61.878 GC heap before
{Heap before GC invocations=21 (full 5):
 PSYoungGen      total 888832K, used 792284K [0x000000076ab00000, 0x00000007c0000000, 0x00000007c0000000)
  eden space 745984K, 100% used [0x000000076ab00000,0x0000000798380000,0x0000000798380000)
  from space 142848K, 32% used [0x0000000798380000,0x000000079b0b73e8,0x00000007a0f00000)
  to   space 199680K, 0% used [0x00000007b3d00000,0x00000007b3d00000,0x00000007c0000000)
 ParOldGen       total 758272K, used 548256K [0x00000006c0000000, 0x00000006ee480000, 0x000000076ab00000)
  object space 758272K, 72% used [0x00000006c0000000,0x00000006e1768360,0x00000006ee480000)
 Metaspace       used 6631K, capacity 7320K, committed 7680K, reserved 1056768K
  class space    used 618K, capacity 656K, committed 768K, reserved 1048576K
Event: 68.154 GC heap after
Heap after GC invocations=21 (full 5):
 PSYoungGen      total 1200640K, used 96790K [0x000000076ab00000, 0x00000007c0000000, 0x00000007c0000000)
  eden space 1000960K, 0% used [0x000000076ab00000,0x000000076ab00000,0x00000007a7c80000)
  from space 199680K, 48% used [0x00000007b3d00000,0x00000007b9b85bb0,0x00000007c0000000)
  to   space 197120K, 0% used [0x00000007a7c80000,0x00000007a7c80000,0x00000007b3d00000)
 ParOldGen       total 758272K, used 596518K [0x00000006c0000000, 0x00000006ee480000, 0x000000076ab00000)
  object space 758272K, 78% used [0x00000006c0000000,0x00000006e4689940,0x00000006ee480000)
 Metaspace       used 6631K, capacity 7320K, committed 7680K, reserved 1056768K
  class space    used 618K, capacity 656K, committed 768K, reserved 1048576K
}
Event: 76.893 GC heap before
{Heap before GC invocations=22 (full 5):
 PSYoungGen      total 1200640K, used 1097750K [0x000000076ab00000, 0x00000007c0000000, 0x00000007c0000000)
  eden space 1000960K, 100% used [0x000000076ab00000,0x00000007a7c80000,0x00000007a7c80000)
  from space 199680K, 48% used [0x00000007b3d00000,0x00000007b9b85bb0,0x00000007c0000000)
  to   space 197120K, 0% used [0x00000007a7c80000,0x00000007a7c80000,0x00000007b3d00000)
 ParOldGen       total 758272K, used 596518K [0x00000006c0000000, 0x00000006ee480000, 0x000000076ab00000)
  object space 758272K, 78% used [0x00000006c0000000,0x00000006e4689940,0x00000006ee480000)
 Metaspace       used 6633K, capacity 7320K, committed 7680K, reserved 1056768K
  class space    used 618K, capacity 656K, committed 768K, reserved 1048576K
Event: 117.592 GC heap after
Heap after GC invocations=22 (full 5):
 PSYoungGen      total 1160192K, used 158887K [0x000000076ab00000, 0x00000007c0000000, 0x00000007c0000000)
  eden space 1000960K, 0% used [0x000000076ab00000,0x000000076ab00000,0x00000007a7c80000)
  from space 159232K, 99% used [0x00000007a7c80000,0x00000007b17a9cc8,0x00000007b1800000)
  to   space 216576K, 0% used [0x00000007b2c80000,0x00000007b2c80000,0x00000007c0000000)
 ParOldGen       total 758272K, used 692116K [0x00000006c0000000, 0x00000006ee480000, 0x000000076ab00000)
  object space 758272K, 91% used [0x00000006c0000000,0x00000006ea3e5390,0x00000006ee480000)
 Metaspace       used 6633K, capacity 7320K, committed 7680K, reserved 1056768K
  class space    used 618K, capacity 656K, committed 768K, reserved 1048576K
}
Event: 118.200 GC heap before
{Heap before GC invocations=23 (full 6):
 PSYoungGen      total 1160192K, used 158887K [0x000000076ab00000, 0x00000007c0000000, 0x00000007c0000000)
  eden space 1000960K, 0% used [0x000000076ab00000,0x000000076ab00000,0x00000007a7c80000)
  from space 159232K, 99% used [0x00000007a7c80000,0x00000007b17a9cc8,0x00000007b1800000)
  to   space 216576K, 0% used [0x00000007b2c80000,0x00000007b2c80000,0x00000007c0000000)
 ParOldGen       total 758272K, used 692116K [0x00000006c0000000, 0x00000006ee480000, 0x000000076ab00000)
  object space 758272K, 91% used [0x00000006c0000000,0x00000006ea3e5390,0x00000006ee480000)
 Metaspace       used 6633K, capacity 7320K, committed 7680K, reserved 1056768K
  class space    used 618K, capacity 656K, committed 768K, reserved 1048576K

