# JRE version: Java(TM) SE Runtime Environment (8.0_77-b03) (build 1.8.0_77-b03)
# Java VM: Java HotSpot(TM) 64-Bit Server VM (25.77-b03 mixed mode linux-amd64 compressed oops)
Heap:
 PSYoungGen      total 1078784K, used 0K [0x000000076ab00000, 0x00000007bb900000, 0x00000007c0000000)
  eden space 850944K, 0% used [0x000000076ab00000,0x000000076ab00000,0x000000079ea00000)
  from space 227840K, 0% used [0x00000007ada80000,0x00000007ada80000,0x00000007bb900000)
  to   space 237056K, 0% used [0x000000079ea00000,0x000000079ea00000,0x00000007ad180000)
 ParOldGen       total 773120K, used 683838K [0x00000006c0000000, 0x00000006ef300000, 0x000000076ab00000)
  object space 773120K, 88% used [0x00000006c0000000,0x00000006e9bcfa70,0x00000006ef300000)
 Metaspace       used 6624K, capacity 7320K, committed 7680K, reserved 1056768K
  class space    used 618K, capacity 656K, committed 768K, reserved 1048576K
GC Heap History (10 events):
Event: 44.679 GC heap after
Heap after GC invocations=19 (full 4):
 PSYoungGen      total 721408K, used 153070K [0x000000076ab00000, 0x00000007b3280000, 0x00000007c0000000)
  eden space 568320K, 0% used [0x000000076ab00000,0x000000076ab00000,0x000000078d600000)
  from space 153088K, 99% used [0x000000078d600000,0x0000000796b7bb58,0x0000000796b80000)
  to   space 230400K, 0% used [0x00000007a5180000,0x00000007a5180000,0x00000007b3280000)
 ParOldGen       total 522752K, used 473222K [0x00000006c0000000, 0x00000006dfe80000, 0x000000076ab00000)
  object space 522752K, 90% used [0x00000006c0000000,0x00000006dce21970,0x00000006dfe80000)
 Metaspace       used 6619K, capacity 7320K, committed 7680K, reserved 1056768K
  class space    used 617K, capacity 656K, committed 768K, reserved 1048576K
}
Event: 44.679 GC heap before
{Heap before GC invocations=20 (full 5):
 PSYoungGen      total 721408K, used 153070K [0x000000076ab00000, 0x00000007b3280000, 0x00000007c0000000)
  eden space 568320K, 0% used [0x000000076ab00000,0x000000076ab00000,0x000000078d600000)
  from space 153088K, 99% used [0x000000078d600000,0x0000000796b7bb58,0x0000000796b80000)
  to   space 230400K, 0% used [0x00000007a5180000,0x00000007a5180000,0x00000007b3280000)
 ParOldGen       total 522752K, used 473222K [0x00000006c0000000, 0x00000006dfe80000, 0x000000076ab00000)
  object space 522752K, 90% used [0x00000006c0000000,0x00000006dce21970,0x00000006dfe80000)
 Metaspace       used 6619K, capacity 7320K, committed 7680K, reserved 1056768K
  class space    used 617K, capacity 656K, committed 768K, reserved 1048576K
Event: 48.358 GC heap after
Heap after GC invocations=20 (full 5):
 PSYoungGen      total 721408K, used 87383K [0x000000076ab00000, 0x00000007b3280000, 0x00000007c0000000)
  eden space 568320K, 0% used [0x000000076ab00000,0x000000076ab00000,0x000000078d600000)
  from space 153088K, 57% used [0x000000078d600000,0x0000000792b55ce0,0x0000000796b80000)
  to   space 230400K, 0% used [0x00000007a5180000,0x00000007a5180000,0x00000007b3280000)
 ParOldGen       total 773120K, used 522705K [0x00000006c0000000, 0x00000006ef300000, 0x000000076ab00000)
  object space 773120K, 67% used [0x00000006c0000000,0x00000006dfe74698,0x00000006ef300000)
 Metaspace       used 6619K, capacity 7320K, committed 7680K, reserved 1056768K
  class space    used 617K, capacity 656K, committed 768K, reserved 1048576K
}
Event: 51.747 GC heap before
{Heap before GC invocations=21 (full 5):
 PSYoungGen      total 721408K, used 655703K [0x000000076ab00000, 0x00000007b3280000, 0x00000007c0000000)
  eden space 568320K, 100% used [0x000000076ab00000,0x000000078d600000,0x000000078d600000)
  from space 153088K, 57% used [0x000000078d600000,0x0000000792b55ce0,0x0000000796b80000)
  to   space 230400K, 0% used [0x00000007a5180000,0x00000007a5180000,0x00000007b3280000)
 ParOldGen       total 773120K, used 522705K [0x00000006c0000000, 0x00000006ef300000, 0x000000076ab00000)
  object space 773120K, 67% used [0x00000006c0000000,0x00000006dfe74698,0x00000006ef300000)
 Metaspace       used 6619K, capacity 7320K, committed 7680K, reserved 1056768K
  class space    used 617K, capacity 656K, committed 768K, reserved 1048576K
Event: 66.273 GC heap after
Heap after GC invocations=21 (full 5):
 PSYoungGen      total 924672K, used 205570K [0x000000076ab00000, 0x00000007b9c00000, 0x00000007c0000000)
  eden space 694272K, 0% used [0x000000076ab00000,0x000000076ab00000,0x0000000795100000)
  from space 230400K, 89% used [0x00000007a5180000,0x00000007b1a40a58,0x00000007b3280000)
  to   space 262656K, 0% used [0x0000000795100000,0x0000000795100000,0x00000007a5180000)
 ParOldGen       total 773120K, used 568912K [0x00000006c0000000, 0x00000006ef300000, 0x000000076ab00000)
  object space 773120K, 73% used [0x00000006c0000000,0x00000006e2b94140,0x00000006ef300000)
 Metaspace       used 6619K, capacity 7320K, committed 7680K, reserved 1056768K
  class space    used 617K, capacity 656K, committed 768K, reserved 1048576K
}
Event: 75.350 GC heap before
{Heap before GC invocations=22 (full 5):
 PSYoungGen      total 924672K, used 899842K [0x000000076ab00000, 0x00000007b9c00000, 0x00000007c0000000)
  eden space 694272K, 100% used [0x000000076ab00000,0x0000000795100000,0x0000000795100000)
  from space 230400K, 89% used [0x00000007a5180000,0x00000007b1a40a58,0x00000007b3280000)
  to   space 262656K, 0% used [0x0000000795100000,0x0000000795100000,0x00000007a5180000)
 ParOldGen       total 773120K, used 568912K [0x00000006c0000000, 0x00000006ef300000, 0x000000076ab00000)
  object space 773120K, 73% used [0x00000006c0000000,0x00000006e2b94140,0x00000006ef300000)
 Metaspace       used 6624K, capacity 7320K, committed 7680K, reserved 1056768K
  class space    used 618K, capacity 656K, committed 768K, reserved 1048576K
Event: 77.558 GC heap after
Heap after GC invocations=22 (full 5):
 PSYoungGen      total 956928K, used 88077K [0x000000076ab00000, 0x00000007bca80000, 0x00000007c0000000)
  eden space 694272K, 0% used [0x000000076ab00000,0x000000076ab00000,0x0000000795100000)
  from space 262656K, 33% used [0x0000000795100000,0x000000079a703450,0x00000007a5180000)
  to   space 245760K, 0% used [0x00000007ada80000,0x00000007ada80000,0x00000007bca80000)
 ParOldGen       total 773120K, used 612820K [0x00000006c0000000, 0x00000006ef300000, 0x000000076ab00000)
  object space 773120K, 79% used [0x00000006c0000000,0x00000006e5675040,0x00000006ef300000)
 Metaspace       used 6624K, capacity 7320K, committed 7680K, reserved 1056768K
  class space    used 618K, capacity 656K, committed 768K, reserved 1048576K
}
Event: 96.353 GC heap before
{Heap before GC invocations=23 (full 5):
 PSYoungGen      total 956928K, used 782349K [0x000000076ab00000, 0x00000007bca80000, 0x00000007c0000000)
  eden space 694272K, 100% used [0x000000076ab00000,0x0000000795100000,0x0000000795100000)
  from space 262656K, 33% used [0x0000000795100000,0x000000079a703450,0x00000007a5180000)
  to   space 245760K, 0% used [0x00000007ada80000,0x00000007ada80000,0x00000007bca80000)
 ParOldGen       total 773120K, used 612820K [0x00000006c0000000, 0x00000006ef300000, 0x000000076ab00000)
  object space 773120K, 79% used [0x00000006c0000000,0x00000006e5675040,0x00000006ef300000)
 Metaspace       used 6624K, capacity 7320K, committed 7680K, reserved 1056768K
  class space    used 618K, capacity 656K, committed 768K, reserved 1048576K
Event: 105.237 GC heap after
Heap after GC invocations=23 (full 5):
 PSYoungGen      total 1078784K, used 109144K [0x000000076ab00000, 0x00000007bb900000, 0x00000007c0000000)
  eden space 850944K, 0% used [0x000000076ab00000,0x000000076ab00000,0x000000079ea00000)
  from space 227840K, 47% used [0x00000007ada80000,0x00000007b45162e0,0x00000007bb900000)
  to   space 237056K, 0% used [0x000000079ea00000,0x000000079ea00000,0x00000007ad180000)
 ParOldGen       total 773120K, used 699254K [0x00000006c0000000, 0x00000006ef300000, 0x000000076ab00000)
  object space 773120K, 90% used [0x00000006c0000000,0x00000006eaaddbe0,0x00000006ef300000)
 Metaspace       used 6624K, capacity 7320K, committed 7680K, reserved 1056768K
  class space    used 618K, capacity 656K, committed 768K, reserved 1048576K
}
Event: 107.710 GC heap before
{Heap before GC invocations=24 (full 6):
 PSYoungGen      total 1078784K, used 109144K [0x000000076ab00000, 0x00000007bb900000, 0x00000007c0000000)
  eden space 850944K, 0% used [0x000000076ab00000,0x000000076ab00000,0x000000079ea00000)
  from space 227840K, 47% used [0x00000007ada80000,0x00000007b45162e0,0x00000007bb900000)
  to   space 237056K, 0% used [0x000000079ea00000,0x000000079ea00000,0x00000007ad180000)
 ParOldGen       total 773120K, used 699254K [0x00000006c0000000, 0x00000006ef300000, 0x000000076ab00000)
  object space 773120K, 90% used [0x00000006c0000000,0x00000006eaaddbe0,0x00000006ef300000)
 Metaspace       used 6624K, capacity 7320K, committed 7680K, reserved 1056768K
  class space    used 618K, capacity 656K, committed 768K, reserved 1048576K

