# JRE version: Java(TM) SE Runtime Environment (8.0_77-b03) (build 1.8.0_77-b03)
# Java VM: Java HotSpot(TM) 64-Bit Server VM (25.77-b03 mixed mode linux-amd64 compressed oops)
Heap:
 PSYoungGen      total 1086976K, used 0K [0x000000076ab00000, 0x00000007c0000000, 0x00000007c0000000)
  eden space 775680K, 0% used [0x000000076ab00000,0x000000076ab00000,0x000000079a080000)
  from space 311296K, 0% used [0x00000007ad000000,0x00000007ad000000,0x00000007c0000000)
  to   space 310784K, 0% used [0x000000079a080000,0x000000079a080000,0x00000007ad000000)
 ParOldGen       total 785408K, used 646567K [0x00000006c0000000, 0x00000006eff00000, 0x000000076ab00000)
  object space 785408K, 82% used [0x00000006c0000000,0x00000006e7769f78,0x00000006eff00000)
 Metaspace       used 7488K, capacity 7832K, committed 7936K, reserved 1056768K
  class space    used 674K, capacity 720K, committed 768K, reserved 1048576K
GC Heap History (10 events):
Event: 33.455 GC heap after
Heap after GC invocations=21 (full 5):
 PSYoungGen      total 795648K, used 98083K [0x000000076ab00000, 0x00000007adc00000, 0x00000007c0000000)
  eden space 617984K, 0% used [0x000000076ab00000,0x000000076ab00000,0x0000000790680000)
  from space 177664K, 55% used [0x000000079de00000,0x00000007a3dc8f60,0x00000007a8b80000)
  to   space 220672K, 0% used [0x0000000790680000,0x0000000790680000,0x000000079de00000)
 ParOldGen       total 769536K, used 526056K [0x00000006c0000000, 0x00000006eef80000, 0x000000076ab00000)
  object space 769536K, 68% used [0x00000006c0000000,0x00000006e01ba298,0x00000006eef80000)
 Metaspace       used 6626K, capacity 7320K, committed 7680K, reserved 1056768K
  class space    used 617K, capacity 656K, committed 768K, reserved 1048576K
}
Event: 35.729 GC heap before
{Heap before GC invocations=22 (full 5):
 PSYoungGen      total 795648K, used 716067K [0x000000076ab00000, 0x00000007adc00000, 0x00000007c0000000)
  eden space 617984K, 100% used [0x000000076ab00000,0x0000000790680000,0x0000000790680000)
  from space 177664K, 55% used [0x000000079de00000,0x00000007a3dc8f60,0x00000007a8b80000)
  to   space 220672K, 0% used [0x0000000790680000,0x0000000790680000,0x000000079de00000)
 ParOldGen       total 769536K, used 526056K [0x00000006c0000000, 0x00000006eef80000, 0x000000076ab00000)
  object space 769536K, 68% used [0x00000006c0000000,0x00000006e01ba298,0x00000006eef80000)
 Metaspace       used 6627K, capacity 7320K, committed 7680K, reserved 1056768K
  class space    used 617K, capacity 656K, committed 768K, reserved 1048576K
Event: 36.100 GC heap after
Heap after GC invocations=22 (full 5):
 PSYoungGen      total 838656K, used 107797K [0x000000076ab00000, 0x00000007aef00000, 0x00000007c0000000)
  eden space 617984K, 0% used [0x000000076ab00000,0x000000076ab00000,0x0000000790680000)
  from space 220672K, 48% used [0x0000000790680000,0x0000000796fc5628,0x000000079de00000)
  to   space 217600K, 0% used [0x00000007a1a80000,0x00000007a1a80000,0x00000007aef00000)
 ParOldGen       total 769536K, used 581564K [0x00000006c0000000, 0x00000006eef80000, 0x000000076ab00000)
  object space 769536K, 75% used [0x00000006c0000000,0x00000006e37ef288,0x00000006eef80000)
 Metaspace       used 6627K, capacity 7320K, committed 7680K, reserved 1056768K
  class space    used 617K, capacity 656K, committed 768K, reserved 1048576K
}
Event: 37.884 GC heap before
{Heap before GC invocations=23 (full 5):
 PSYoungGen      total 838656K, used 725781K [0x000000076ab00000, 0x00000007aef00000, 0x00000007c0000000)
  eden space 617984K, 100% used [0x000000076ab00000,0x0000000790680000,0x0000000790680000)
  from space 220672K, 48% used [0x0000000790680000,0x0000000796fc5628,0x000000079de00000)
  to   space 217600K, 0% used [0x00000007a1a80000,0x00000007a1a80000,0x00000007aef00000)
 ParOldGen       total 769536K, used 581564K [0x00000006c0000000, 0x00000006eef80000, 0x000000076ab00000)
  object space 769536K, 75% used [0x00000006c0000000,0x00000006e37ef288,0x00000006eef80000)
 Metaspace       used 6628K, capacity 7320K, committed 7680K, reserved 1056768K
  class space    used 618K, capacity 656K, committed 768K, reserved 1048576K
Event: 39.926 GC heap after
Heap after GC invocations=23 (full 5):
 PSYoungGen      total 869888K, used 201379K [0x000000076ab00000, 0x00000007b5100000, 0x00000007c0000000)
  eden space 652288K, 0% used [0x000000076ab00000,0x000000076ab00000,0x0000000792800000)
  from space 217600K, 92% used [0x00000007a1a80000,0x00000007adf28df0,0x00000007aef00000)
  to   space 248320K, 0% used [0x0000000792800000,0x0000000792800000,0x00000007a1a80000)
 ParOldGen       total 769536K, used 581564K [0x00000006c0000000, 0x00000006eef80000, 0x000000076ab00000)
  object space 769536K, 75% used [0x00000006c0000000,0x00000006e37ef288,0x00000006eef80000)
 Metaspace       used 6628K, capacity 7320K, committed 7680K, reserved 1056768K
  class space    used 618K, capacity 656K, committed 768K, reserved 1048576K
}
Event: 42.236 GC heap before
{Heap before GC invocations=24 (full 5):
 PSYoungGen      total 869888K, used 853667K [0x000000076ab00000, 0x00000007b5100000, 0x00000007c0000000)
  eden space 652288K, 100% used [0x000000076ab00000,0x0000000792800000,0x0000000792800000)
  from space 217600K, 92% used [0x00000007a1a80000,0x00000007adf28df0,0x00000007aef00000)
  to   space 248320K, 0% used [0x0000000792800000,0x0000000792800000,0x00000007a1a80000)
 ParOldGen       total 769536K, used 581564K [0x00000006c0000000, 0x00000006eef80000, 0x000000076ab00000)
  object space 769536K, 75% used [0x00000006c0000000,0x00000006e37ef288,0x00000006eef80000)
 Metaspace       used 6736K, capacity 7384K, committed 7680K, reserved 1056768K
  class space    used 624K, capacity 656K, committed 768K, reserved 1048576K
Event: 48.143 GC heap after
Heap after GC invocations=24 (full 5):
 PSYoungGen      total 900608K, used 248295K [0x000000076ab00000, 0x00000007c0000000, 0x00000007c0000000)
  eden space 652288K, 0% used [0x000000076ab00000,0x000000076ab00000,0x0000000792800000)
  from space 248320K, 99% used [0x0000000792800000,0x00000007a1a79d08,0x00000007a1a80000)
  to   space 311296K, 0% used [0x00000007ad000000,0x00000007ad000000,0x00000007c0000000)
 ParOldGen       total 769536K, used 638481K [0x00000006c0000000, 0x00000006eef80000, 0x000000076ab00000)
  object space 769536K, 82% used [0x00000006c0000000,0x00000006e6f84510,0x00000006eef80000)
 Metaspace       used 6736K, capacity 7384K, committed 7680K, reserved 1056768K
  class space    used 624K, capacity 656K, committed 768K, reserved 1048576K
}
Event: 52.461 GC heap before
{Heap before GC invocations=25 (full 5):
 PSYoungGen      total 900608K, used 900583K [0x000000076ab00000, 0x00000007c0000000, 0x00000007c0000000)
  eden space 652288K, 100% used [0x000000076ab00000,0x0000000792800000,0x0000000792800000)
  from space 248320K, 99% used [0x0000000792800000,0x00000007a1a79d08,0x00000007a1a80000)
  to   space 311296K, 0% used [0x00000007ad000000,0x00000007ad000000,0x00000007c0000000)
 ParOldGen       total 769536K, used 638481K [0x00000006c0000000, 0x00000006eef80000, 0x000000076ab00000)
  object space 769536K, 82% used [0x00000006c0000000,0x00000006e6f84510,0x00000006eef80000)
 Metaspace       used 7488K, capacity 7832K, committed 7936K, reserved 1056768K
  class space    used 674K, capacity 720K, committed 768K, reserved 1048576K
Event: 59.934 GC heap after
Heap after GC invocations=25 (full 5):
 PSYoungGen      total 1086976K, used 164999K [0x000000076ab00000, 0x00000007c0000000, 0x00000007c0000000)
  eden space 775680K, 0% used [0x000000076ab00000,0x000000076ab00000,0x000000079a080000)
  from space 311296K, 53% used [0x00000007ad000000,0x00000007b7121da8,0x00000007c0000000)
  to   space 310784K, 0% used [0x000000079a080000,0x000000079a080000,0x00000007ad000000)
 ParOldGen       total 785408K, used 785096K [0x00000006c0000000, 0x00000006eff00000, 0x000000076ab00000)
  object space 785408K, 99% used [0x00000006c0000000,0x00000006efeb20b0,0x00000006eff00000)
 Metaspace       used 7488K, capacity 7832K, committed 7936K, reserved 1056768K
  class space    used 674K, capacity 720K, committed 768K, reserved 1048576K
}
Event: 59.934 GC heap before
{Heap before GC invocations=26 (full 6):
 PSYoungGen      total 1086976K, used 164999K [0x000000076ab00000, 0x00000007c0000000, 0x00000007c0000000)
  eden space 775680K, 0% used [0x000000076ab00000,0x000000076ab00000,0x000000079a080000)
  from space 311296K, 53% used [0x00000007ad000000,0x00000007b7121da8,0x00000007c0000000)
  to   space 310784K, 0% used [0x000000079a080000,0x000000079a080000,0x00000007ad000000)
 ParOldGen       total 785408K, used 785096K [0x00000006c0000000, 0x00000006eff00000, 0x000000076ab00000)
  object space 785408K, 99% used [0x00000006c0000000,0x00000006efeb20b0,0x00000006eff00000)
 Metaspace       used 7488K, capacity 7832K, committed 7936K, reserved 1056768K
  class space    used 674K, capacity 720K, committed 768K, reserved 1048576K

